This is pdfTeX, Version 3.14159265-2.6-1.40.15 (TeX Live 2014) (preloaded format=pdflatex 2015.5.9)  22 JUN 2015 11:42
entering extended mode
 restricted \write18 enabled.
 %&-line parsing enabled.
**paper.tex
(./paper.tex
LaTeX2e <2014/05/01>
Babel <3.9k> and hyphenation patterns for 78 languages loaded.
(/usr/local/texlive/2014/texmf-dist/tex/latex/IEEEtran/IEEEtran.cls
Document Class: IEEEtran 2012/12/27 V1.8 by Michael Shell
-- See the "IEEEtran_HOWTO" manual for usage information.
-- http://www.michaelshell.org/tex/ieeetran/
\@IEEEtrantmpdimenA=\dimen102
\@IEEEtrantmpdimenB=\dimen103
\@IEEEtrantmpcountA=\count79
\@IEEEtrantmpcountB=\count80
\@IEEEtrantmptoksA=\toks14
LaTeX Font Info:    Try loading font information for OT1+ptm on input line 368.

(/usr/local/texlive/2014/texmf-dist/tex/latex/psnfss/ot1ptm.fd
File: ot1ptm.fd 2001/06/04 font definitions for OT1/ptm.
)
-- Using 8.5in x 11in (letter) paper.
-- Using PDF output.
\@IEEEnormalsizeunitybaselineskip=\dimen104
-- This is a 10 point document.
\CLASSINFOnormalsizebaselineskip=\dimen105
\CLASSINFOnormalsizeunitybaselineskip=\dimen106
\IEEEnormaljot=\dimen107
LaTeX Font Info:    Font shape `OT1/ptm/bx/n' in size <5> not available
(Font)              Font shape `OT1/ptm/b/n' tried instead on input line 726.
LaTeX Font Info:    Font shape `OT1/ptm/bx/it' in size <5> not available
(Font)              Font shape `OT1/ptm/b/it' tried instead on input line 726.
LaTeX Font Info:    Font shape `OT1/ptm/bx/n' in size <7> not available
(Font)              Font shape `OT1/ptm/b/n' tried instead on input line 726.
LaTeX Font Info:    Font shape `OT1/ptm/bx/it' in size <7> not available
(Font)              Font shape `OT1/ptm/b/it' tried instead on input line 726.
LaTeX Font Info:    Font shape `OT1/ptm/bx/n' in size <8> not available
(Font)              Font shape `OT1/ptm/b/n' tried instead on input line 726.
LaTeX Font Info:    Font shape `OT1/ptm/bx/it' in size <8> not available
(Font)              Font shape `OT1/ptm/b/it' tried instead on input line 726.
LaTeX Font Info:    Font shape `OT1/ptm/bx/n' in size <9> not available
(Font)              Font shape `OT1/ptm/b/n' tried instead on input line 726.
LaTeX Font Info:    Font shape `OT1/ptm/bx/it' in size <9> not available
(Font)              Font shape `OT1/ptm/b/it' tried instead on input line 726.
LaTeX Font Info:    Font shape `OT1/ptm/bx/n' in size <10> not available
(Font)              Font shape `OT1/ptm/b/n' tried instead on input line 726.
LaTeX Font Info:    Font shape `OT1/ptm/bx/it' in size <10> not available
(Font)              Font shape `OT1/ptm/b/it' tried instead on input line 726.
LaTeX Font Info:    Font shape `OT1/ptm/bx/n' in size <11> not available
(Font)              Font shape `OT1/ptm/b/n' tried instead on input line 726.
LaTeX Font Info:    Font shape `OT1/ptm/bx/it' in size <11> not available
(Font)              Font shape `OT1/ptm/b/it' tried instead on input line 726.
LaTeX Font Info:    Font shape `OT1/ptm/bx/n' in size <12> not available
(Font)              Font shape `OT1/ptm/b/n' tried instead on input line 726.
LaTeX Font Info:    Font shape `OT1/ptm/bx/it' in size <12> not available
(Font)              Font shape `OT1/ptm/b/it' tried instead on input line 726.
LaTeX Font Info:    Font shape `OT1/ptm/bx/n' in size <17> not available
(Font)              Font shape `OT1/ptm/b/n' tried instead on input line 726.
LaTeX Font Info:    Font shape `OT1/ptm/bx/it' in size <17> not available
(Font)              Font shape `OT1/ptm/b/it' tried instead on input line 726.
LaTeX Font Info:    Font shape `OT1/ptm/bx/n' in size <20> not available
(Font)              Font shape `OT1/ptm/b/n' tried instead on input line 726.
LaTeX Font Info:    Font shape `OT1/ptm/bx/it' in size <20> not available
(Font)              Font shape `OT1/ptm/b/it' tried instead on input line 726.
LaTeX Font Info:    Font shape `OT1/ptm/bx/n' in size <24> not available
(Font)              Font shape `OT1/ptm/b/n' tried instead on input line 726.
LaTeX Font Info:    Font shape `OT1/ptm/bx/it' in size <24> not available
(Font)              Font shape `OT1/ptm/b/it' tried instead on input line 726.
\IEEEilabelindentA=\dimen108
\IEEEilabelindentB=\dimen109
\IEEEilabelindent=\dimen110
\IEEEelabelindent=\dimen111
\IEEEdlabelindent=\dimen112
\IEEElabelindent=\dimen113
\IEEEiednormlabelsep=\dimen114
\IEEEiedmathlabelsep=\dimen115
\IEEEiedtopsep=\skip41
\c@section=\count81
\c@subsection=\count82
\c@subsubsection=\count83
\c@paragraph=\count84
\c@IEEEsubequation=\count85
\abovecaptionskip=\skip42
\belowcaptionskip=\skip43
\c@figure=\count86
\c@table=\count87
\@IEEEeqnnumcols=\count88
\@IEEEeqncolcnt=\count89
\@IEEEsubeqnnumrollback=\count90
\@IEEEtmpitemindent=\dimen116
\c@IEEEbiography=\count91
\@IEEEtranrubishbin=\box26
) (/usr/local/texlive/2014/texmf-dist/tex/latex/tools/bm.sty
Package: bm 2004/02/26 v1.1c Bold Symbol Support (DPC/FMi)
\symboldoperators=\mathgroup4
\symboldletters=\mathgroup5
\symboldsymbols=\mathgroup6
LaTeX Font Info:    Redeclaring math alphabet \mathbf on input line 137.
LaTeX Info: Redefining \bm on input line 203.
)
(/usr/local/texlive/2014/texmf-dist/tex/latex/subfigure/subfigure.sty
Package: subfigure 2002/03/15 v2.1.5 subfigure package
\subfigtopskip=\skip44
\subfigcapskip=\skip45
\subfigcaptopadj=\dimen117
\subfigbottomskip=\skip46
\subfigcapmargin=\dimen118
\subfiglabelskip=\skip47
\c@subfigure=\count92
\c@lofdepth=\count93
\c@subtable=\count94
\c@lotdepth=\count95

****************************************
* Local config file subfigure.cfg used *
****************************************
(/usr/local/texlive/2014/texmf-dist/tex/latex/subfigure/subfigure.cfg)
\subfig@top=\skip48
\subfig@bottom=\skip49
)
(/usr/local/texlive/2014/texmf-dist/tex/latex/graphics/graphicx.sty
Package: graphicx 2014/04/25 v1.0g Enhanced LaTeX Graphics (DPC,SPQR)

(/usr/local/texlive/2014/texmf-dist/tex/latex/graphics/keyval.sty
Package: keyval 2014/05/08 v1.15 key=value parser (DPC)
\KV@toks@=\toks15
)
(/usr/local/texlive/2014/texmf-dist/tex/latex/graphics/graphics.sty
Package: graphics 2009/02/05 v1.0o Standard LaTeX Graphics (DPC,SPQR)

(/usr/local/texlive/2014/texmf-dist/tex/latex/graphics/trig.sty
Package: trig 1999/03/16 v1.09 sin cos tan (DPC)
)
(/usr/local/texlive/2014/texmf-dist/tex/latex/latexconfig/graphics.cfg
File: graphics.cfg 2010/04/23 v1.9 graphics configuration of TeX Live
)
Package graphics Info: Driver file: pdftex.def on input line 91.

(/usr/local/texlive/2014/texmf-dist/tex/latex/pdftex-def/pdftex.def
File: pdftex.def 2011/05/27 v0.06d Graphics/color for pdfTeX

(/usr/local/texlive/2014/texmf-dist/tex/generic/oberdiek/infwarerr.sty
Package: infwarerr 2010/04/08 v1.3 Providing info/warning/error messages (HO)
)
(/usr/local/texlive/2014/texmf-dist/tex/generic/oberdiek/ltxcmds.sty
Package: ltxcmds 2011/11/09 v1.22 LaTeX kernel commands for general use (HO)
)
\Gread@gobject=\count96
))
\Gin@req@height=\dimen119
\Gin@req@width=\dimen120
)
(/usr/local/texlive/2014/texmf-dist/tex/latex/url/url.sty
\Urlmuskip=\muskip10
Package: url 2013/09/16  ver 3.4  Verb mode for urls, etc.
)
(/usr/local/texlive/2014/texmf-dist/tex/latex/psnfss/times.sty
Package: times 2005/04/12 PSNFSS-v9.2a (SPQR) 
)
(/usr/local/texlive/2014/texmf-dist/tex/latex/multirow/multirow.sty
\bigstrutjot=\dimen121
)
(/usr/local/texlive/2014/texmf-dist/tex/latex/amsmath/amsmath.sty
Package: amsmath 2013/01/14 v2.14 AMS math features
\@mathmargin=\skip50

For additional information on amsmath, use the `?' option.
(/usr/local/texlive/2014/texmf-dist/tex/latex/amsmath/amstext.sty
Package: amstext 2000/06/29 v2.01

(/usr/local/texlive/2014/texmf-dist/tex/latex/amsmath/amsgen.sty
File: amsgen.sty 1999/11/30 v2.0
\@emptytoks=\toks16
\ex@=\dimen122
))
(/usr/local/texlive/2014/texmf-dist/tex/latex/amsmath/amsbsy.sty
Package: amsbsy 1999/11/29 v1.2d
LaTeX Info: Redefining \boldsymbol on input line 39.
\pmbraise@=\dimen123
)
(/usr/local/texlive/2014/texmf-dist/tex/latex/amsmath/amsopn.sty
Package: amsopn 1999/12/14 v2.01 operator names
)
\inf@bad=\count97
LaTeX Info: Redefining \frac on input line 210.
\uproot@=\count98
\leftroot@=\count99
LaTeX Info: Redefining \overline on input line 306.
\classnum@=\count100
\DOTSCASE@=\count101
LaTeX Info: Redefining \ldots on input line 378.
LaTeX Info: Redefining \dots on input line 381.
LaTeX Info: Redefining \cdots on input line 466.
\Mathstrutbox@=\box27
\strutbox@=\box28
\big@size=\dimen124
LaTeX Font Info:    Redeclaring font encoding OML on input line 566.
LaTeX Font Info:    Redeclaring font encoding OMS on input line 567.
\macc@depth=\count102
\c@MaxMatrixCols=\count103
\dotsspace@=\muskip11
\c@parentequation=\count104
\dspbrk@lvl=\count105
\tag@help=\toks17
\row@=\count106
\column@=\count107
\maxfields@=\count108
\andhelp@=\toks18
\eqnshift@=\dimen125
\alignsep@=\dimen126
\tagshift@=\dimen127
\tagwidth@=\dimen128
\totwidth@=\dimen129
\lineht@=\dimen130
\@envbody=\toks19
\multlinegap=\skip51
\multlinetaggap=\skip52
\mathdisplay@stack=\toks20
LaTeX Info: Redefining \[ on input line 2665.
LaTeX Info: Redefining \] on input line 2666.
)
(/usr/local/texlive/2014/texmf-dist/tex/latex/amsfonts/amssymb.sty
Package: amssymb 2013/01/14 v3.01 AMS font symbols

(/usr/local/texlive/2014/texmf-dist/tex/latex/amsfonts/amsfonts.sty
Package: amsfonts 2013/01/14 v3.01 Basic AMSFonts support
\symAMSa=\mathgroup7
\symAMSb=\mathgroup8
LaTeX Font Info:    Overwriting math alphabet `\mathfrak' in version `bold'
(Font)                  U/euf/m/n --> U/euf/b/n on input line 106.
))
(/usr/local/texlive/2014/texmf-dist/tex/latex/algorithms/algorithm.sty
Package: algorithm 2009/08/24 v0.1 Document Style `algorithm' - floating enviro
nment

(/usr/local/texlive/2014/texmf-dist/tex/latex/float/float.sty
Package: float 2001/11/08 v1.3d Float enhancements (AL)
\c@float@type=\count109
\float@exts=\toks21
\float@box=\box29
\@float@everytoks=\toks22
\@floatcapt=\box30
)
(/usr/local/texlive/2014/texmf-dist/tex/latex/base/ifthen.sty
Package: ifthen 2001/05/26 v1.1c Standard LaTeX ifthen package (DPC)
)
\@float@every@algorithm=\toks23
\c@algorithm=\count110
)
(/usr/local/texlive/2014/texmf-dist/tex/latex/tools/xspace.sty
Package: xspace 2009/10/20 v1.13 Space after command names (DPC,MH)
)
(/usr/local/texlive/2014/texmf-dist/tex/latex/graphics/epsfig.sty
Package: epsfig 1999/02/16 v1.7a (e)psfig emulation (SPQR)
\epsfxsize=\dimen131
\epsfysize=\dimen132
)
(/usr/local/texlive/2014/texmf-dist/tex/latex/todonotes/todonotes.sty
Package: todonotes 2012/07/25 .dtx Todonotes source and documentation.
Package: todonotes 2012/07/25

(/usr/local/texlive/2014/texmf-dist/tex/latex/xkeyval/xkeyval.sty
Package: xkeyval 2014/05/09 v2.6d package option processing (HA)

(/usr/local/texlive/2014/texmf-dist/tex/generic/xkeyval/xkeyval.tex
\XKV@toks=\toks24
\XKV@tempa@toks=\toks25
\XKV@depth=\count111
File: xkeyval.tex 2014/05/09 v2.6d key=value parser (HA)
))
(/usr/local/texlive/2014/texmf-dist/tex/latex/xcolor/xcolor.sty
Package: xcolor 2007/01/21 v2.11 LaTeX color extensions (UK)

(/usr/local/texlive/2014/texmf-dist/tex/latex/latexconfig/color.cfg
File: color.cfg 2007/01/18 v1.5 color configuration of teTeX/TeXLive
)
Package xcolor Info: Driver file: pdftex.def on input line 225.
Package xcolor Info: Model `cmy' substituted by `cmy0' on input line 1337.
Package xcolor Info: Model `hsb' substituted by `rgb' on input line 1341.
Package xcolor Info: Model `RGB' extended on input line 1353.
Package xcolor Info: Model `HTML' substituted by `rgb' on input line 1355.
Package xcolor Info: Model `Hsb' substituted by `hsb' on input line 1356.
Package xcolor Info: Model `tHsb' substituted by `hsb' on input line 1357.
Package xcolor Info: Model `HSB' substituted by `hsb' on input line 1358.
Package xcolor Info: Model `Gray' substituted by `gray' on input line 1359.
Package xcolor Info: Model `wave' substituted by `hsb' on input line 1360.
)
(/usr/local/texlive/2014/texmf-dist/tex/latex/pgf/frontendlayer/tikz.sty
(/usr/local/texlive/2014/texmf-dist/tex/latex/pgf/basiclayer/pgf.sty
(/usr/local/texlive/2014/texmf-dist/tex/latex/pgf/utilities/pgfrcs.sty
(/usr/local/texlive/2014/texmf-dist/tex/generic/pgf/utilities/pgfutil-common.te
x
\pgfutil@everybye=\toks26
\pgfutil@tempdima=\dimen133
\pgfutil@tempdimb=\dimen134

(/usr/local/texlive/2014/texmf-dist/tex/generic/pgf/utilities/pgfutil-common-li
sts.tex))
(/usr/local/texlive/2014/texmf-dist/tex/generic/pgf/utilities/pgfutil-latex.def
\pgfutil@abb=\box31
(/usr/local/texlive/2014/texmf-dist/tex/latex/ms/everyshi.sty
Package: everyshi 2001/05/15 v3.00 EveryShipout Package (MS)
))
(/usr/local/texlive/2014/texmf-dist/tex/generic/pgf/utilities/pgfrcs.code.tex
Package: pgfrcs 2013/12/20 v3.0.0 (rcs-revision 1.28)
))
Package: pgf 2013/12/18 v3.0.0 (rcs-revision 1.14)
(/usr/local/texlive/2014/texmf-dist/tex/latex/pgf/basiclayer/pgfcore.sty
(/usr/local/texlive/2014/texmf-dist/tex/latex/pgf/systemlayer/pgfsys.sty
(/usr/local/texlive/2014/texmf-dist/tex/generic/pgf/systemlayer/pgfsys.code.tex
Package: pgfsys 2013/11/30 v3.0.0 (rcs-revision 1.47)
(/usr/local/texlive/2014/texmf-dist/tex/generic/pgf/utilities/pgfkeys.code.tex
\pgfkeys@pathtoks=\toks27
\pgfkeys@temptoks=\toks28

(/usr/local/texlive/2014/texmf-dist/tex/generic/pgf/utilities/pgfkeysfiltered.c
ode.tex
\pgfkeys@tmptoks=\toks29
))
\pgf@x=\dimen135
\pgf@y=\dimen136
\pgf@xa=\dimen137
\pgf@ya=\dimen138
\pgf@xb=\dimen139
\pgf@yb=\dimen140
\pgf@xc=\dimen141
\pgf@yc=\dimen142
\w@pgf@writea=\write3
\r@pgf@reada=\read1
\c@pgf@counta=\count112
\c@pgf@countb=\count113
\c@pgf@countc=\count114
\c@pgf@countd=\count115
\t@pgf@toka=\toks30
\t@pgf@tokb=\toks31
\t@pgf@tokc=\toks32

(/usr/local/texlive/2014/texmf-dist/tex/generic/pgf/systemlayer/pgf.cfg
File: pgf.cfg 2008/05/14  (rcs-revision 1.7)
)
Driver file for pgf: pgfsys-pdftex.def

(/usr/local/texlive/2014/texmf-dist/tex/generic/pgf/systemlayer/pgfsys-pdftex.d
ef
File: pgfsys-pdftex.def 2013/07/18  (rcs-revision 1.33)

(/usr/local/texlive/2014/texmf-dist/tex/generic/pgf/systemlayer/pgfsys-common-p
df.def
File: pgfsys-common-pdf.def 2013/10/10  (rcs-revision 1.13)
)))
(/usr/local/texlive/2014/texmf-dist/tex/generic/pgf/systemlayer/pgfsyssoftpath.
code.tex
File: pgfsyssoftpath.code.tex 2013/09/09  (rcs-revision 1.9)
\pgfsyssoftpath@smallbuffer@items=\count116
\pgfsyssoftpath@bigbuffer@items=\count117
)
(/usr/local/texlive/2014/texmf-dist/tex/generic/pgf/systemlayer/pgfsysprotocol.
code.tex
File: pgfsysprotocol.code.tex 2006/10/16  (rcs-revision 1.4)
))
(/usr/local/texlive/2014/texmf-dist/tex/generic/pgf/basiclayer/pgfcore.code.tex
Package: pgfcore 2010/04/11 v3.0.0 (rcs-revision 1.7)
(/usr/local/texlive/2014/texmf-dist/tex/generic/pgf/math/pgfmath.code.tex
(/usr/local/texlive/2014/texmf-dist/tex/generic/pgf/math/pgfmathcalc.code.tex
(/usr/local/texlive/2014/texmf-dist/tex/generic/pgf/math/pgfmathutil.code.tex)
(/usr/local/texlive/2014/texmf-dist/tex/generic/pgf/math/pgfmathparser.code.tex
\pgfmath@dimen=\dimen143
\pgfmath@count=\count118
\pgfmath@box=\box32
\pgfmath@toks=\toks33
\pgfmath@stack@operand=\toks34
\pgfmath@stack@operation=\toks35
)
(/usr/local/texlive/2014/texmf-dist/tex/generic/pgf/math/pgfmathfunctions.code.
tex
(/usr/local/texlive/2014/texmf-dist/tex/generic/pgf/math/pgfmathfunctions.basic
.code.tex)
(/usr/local/texlive/2014/texmf-dist/tex/generic/pgf/math/pgfmathfunctions.trigo
nometric.code.tex)
(/usr/local/texlive/2014/texmf-dist/tex/generic/pgf/math/pgfmathfunctions.rando
m.code.tex)
(/usr/local/texlive/2014/texmf-dist/tex/generic/pgf/math/pgfmathfunctions.compa
rison.code.tex)
(/usr/local/texlive/2014/texmf-dist/tex/generic/pgf/math/pgfmathfunctions.base.
code.tex)
(/usr/local/texlive/2014/texmf-dist/tex/generic/pgf/math/pgfmathfunctions.round
.code.tex)
(/usr/local/texlive/2014/texmf-dist/tex/generic/pgf/math/pgfmathfunctions.misc.
code.tex)
(/usr/local/texlive/2014/texmf-dist/tex/generic/pgf/math/pgfmathfunctions.integ
erarithmetics.code.tex)))
(/usr/local/texlive/2014/texmf-dist/tex/generic/pgf/math/pgfmathfloat.code.tex
\c@pgfmathroundto@lastzeros=\count119
))
(/usr/local/texlive/2014/texmf-dist/tex/generic/pgf/basiclayer/pgfcorepoints.co
de.tex
File: pgfcorepoints.code.tex 2013/10/07  (rcs-revision 1.27)
\pgf@picminx=\dimen144
\pgf@picmaxx=\dimen145
\pgf@picminy=\dimen146
\pgf@picmaxy=\dimen147
\pgf@pathminx=\dimen148
\pgf@pathmaxx=\dimen149
\pgf@pathminy=\dimen150
\pgf@pathmaxy=\dimen151
\pgf@xx=\dimen152
\pgf@xy=\dimen153
\pgf@yx=\dimen154
\pgf@yy=\dimen155
\pgf@zx=\dimen156
\pgf@zy=\dimen157
)
(/usr/local/texlive/2014/texmf-dist/tex/generic/pgf/basiclayer/pgfcorepathconst
ruct.code.tex
File: pgfcorepathconstruct.code.tex 2013/10/07  (rcs-revision 1.29)
\pgf@path@lastx=\dimen158
\pgf@path@lasty=\dimen159
)
(/usr/local/texlive/2014/texmf-dist/tex/generic/pgf/basiclayer/pgfcorepathusage
.code.tex
File: pgfcorepathusage.code.tex 2013/12/13  (rcs-revision 1.23)
\pgf@shorten@end@additional=\dimen160
\pgf@shorten@start@additional=\dimen161
)
(/usr/local/texlive/2014/texmf-dist/tex/generic/pgf/basiclayer/pgfcorescopes.co
de.tex
File: pgfcorescopes.code.tex 2013/10/09  (rcs-revision 1.44)
\pgfpic=\box33
\pgf@hbox=\box34
\pgf@layerbox@main=\box35
\pgf@picture@serial@count=\count120
)
(/usr/local/texlive/2014/texmf-dist/tex/generic/pgf/basiclayer/pgfcoregraphicst
ate.code.tex
File: pgfcoregraphicstate.code.tex 2013/09/19  (rcs-revision 1.11)
\pgflinewidth=\dimen162
)
(/usr/local/texlive/2014/texmf-dist/tex/generic/pgf/basiclayer/pgfcoretransform
ations.code.tex
File: pgfcoretransformations.code.tex 2013/10/10  (rcs-revision 1.17)
\pgf@pt@x=\dimen163
\pgf@pt@y=\dimen164
\pgf@pt@temp=\dimen165
)
(/usr/local/texlive/2014/texmf-dist/tex/generic/pgf/basiclayer/pgfcorequick.cod
e.tex
File: pgfcorequick.code.tex 2008/10/09  (rcs-revision 1.3)
)
(/usr/local/texlive/2014/texmf-dist/tex/generic/pgf/basiclayer/pgfcoreobjects.c
ode.tex
File: pgfcoreobjects.code.tex 2006/10/11  (rcs-revision 1.2)
)
(/usr/local/texlive/2014/texmf-dist/tex/generic/pgf/basiclayer/pgfcorepathproce
ssing.code.tex
File: pgfcorepathprocessing.code.tex 2013/09/09  (rcs-revision 1.9)
)
(/usr/local/texlive/2014/texmf-dist/tex/generic/pgf/basiclayer/pgfcorearrows.co
de.tex
File: pgfcorearrows.code.tex 2013/11/07  (rcs-revision 1.40)
\pgfarrowsep=\dimen166
)
(/usr/local/texlive/2014/texmf-dist/tex/generic/pgf/basiclayer/pgfcoreshade.cod
e.tex
File: pgfcoreshade.code.tex 2013/07/15  (rcs-revision 1.15)
\pgf@max=\dimen167
\pgf@sys@shading@range@num=\count121
)
(/usr/local/texlive/2014/texmf-dist/tex/generic/pgf/basiclayer/pgfcoreimage.cod
e.tex
File: pgfcoreimage.code.tex 2013/07/15  (rcs-revision 1.18)

(/usr/local/texlive/2014/texmf-dist/tex/generic/pgf/basiclayer/pgfcoreexternal.
code.tex
File: pgfcoreexternal.code.tex 2013/07/15  (rcs-revision 1.20)
\pgfexternal@startupbox=\box36
))
(/usr/local/texlive/2014/texmf-dist/tex/generic/pgf/basiclayer/pgfcorelayers.co
de.tex
File: pgfcorelayers.code.tex 2013/07/18  (rcs-revision 1.7)
)
(/usr/local/texlive/2014/texmf-dist/tex/generic/pgf/basiclayer/pgfcoretranspare
ncy.code.tex
File: pgfcoretransparency.code.tex 2013/09/30  (rcs-revision 1.5)
)
(/usr/local/texlive/2014/texmf-dist/tex/generic/pgf/basiclayer/pgfcorepatterns.
code.tex
File: pgfcorepatterns.code.tex 2013/11/07  (rcs-revision 1.5)
)))
(/usr/local/texlive/2014/texmf-dist/tex/generic/pgf/modules/pgfmoduleshapes.cod
e.tex
File: pgfmoduleshapes.code.tex 2013/10/31  (rcs-revision 1.34)
\pgfnodeparttextbox=\box37
)
(/usr/local/texlive/2014/texmf-dist/tex/generic/pgf/modules/pgfmoduleplot.code.
tex
File: pgfmoduleplot.code.tex 2013/07/31  (rcs-revision 1.12)
)
(/usr/local/texlive/2014/texmf-dist/tex/latex/pgf/compatibility/pgfcomp-version
-0-65.sty
Package: pgfcomp-version-0-65 2007/07/03 v3.0.0 (rcs-revision 1.7)
\pgf@nodesepstart=\dimen168
\pgf@nodesepend=\dimen169
)
(/usr/local/texlive/2014/texmf-dist/tex/latex/pgf/compatibility/pgfcomp-version
-1-18.sty
Package: pgfcomp-version-1-18 2007/07/23 v3.0.0 (rcs-revision 1.1)
))
(/usr/local/texlive/2014/texmf-dist/tex/latex/pgf/utilities/pgffor.sty
(/usr/local/texlive/2014/texmf-dist/tex/latex/pgf/utilities/pgfkeys.sty
(/usr/local/texlive/2014/texmf-dist/tex/generic/pgf/utilities/pgfkeys.code.tex)
) (/usr/local/texlive/2014/texmf-dist/tex/latex/pgf/math/pgfmath.sty
(/usr/local/texlive/2014/texmf-dist/tex/generic/pgf/math/pgfmath.code.tex))
(/usr/local/texlive/2014/texmf-dist/tex/generic/pgf/utilities/pgffor.code.tex
Package: pgffor 2013/12/13 v3.0.0 (rcs-revision 1.25)

(/usr/local/texlive/2014/texmf-dist/tex/generic/pgf/math/pgfmath.code.tex)
\pgffor@iter=\dimen170
\pgffor@skip=\dimen171
\pgffor@stack=\toks36
\pgffor@toks=\toks37
))
(/usr/local/texlive/2014/texmf-dist/tex/generic/pgf/frontendlayer/tikz/tikz.cod
e.tex
Package: tikz 2013/12/13 v3.0.0 (rcs-revision 1.142)

(/usr/local/texlive/2014/texmf-dist/tex/generic/pgf/libraries/pgflibraryplothan
dlers.code.tex
File: pgflibraryplothandlers.code.tex 2013/08/31 v3.0.0 (rcs-revision 1.20)
\pgf@plot@mark@count=\count122
\pgfplotmarksize=\dimen172
)
\tikz@lastx=\dimen173
\tikz@lasty=\dimen174
\tikz@lastxsaved=\dimen175
\tikz@lastysaved=\dimen176
\tikzleveldistance=\dimen177
\tikzsiblingdistance=\dimen178
\tikz@figbox=\box38
\tikz@figbox@bg=\box39
\tikz@tempbox=\box40
\tikz@tempbox@bg=\box41
\tikztreelevel=\count123
\tikznumberofchildren=\count124
\tikznumberofcurrentchild=\count125
\tikz@fig@count=\count126

(/usr/local/texlive/2014/texmf-dist/tex/generic/pgf/modules/pgfmodulematrix.cod
e.tex
File: pgfmodulematrix.code.tex 2013/09/17  (rcs-revision 1.8)
\pgfmatrixcurrentrow=\count127
\pgfmatrixcurrentcolumn=\count128
\pgf@matrix@numberofcolumns=\count129
)
\tikz@expandcount=\count130

(/usr/local/texlive/2014/texmf-dist/tex/generic/pgf/frontendlayer/tikz/librarie
s/tikzlibrarytopaths.code.tex
File: tikzlibrarytopaths.code.tex 2008/06/17 v3.0.0 (rcs-revision 1.2)
)))
(/usr/local/texlive/2014/texmf-dist/tex/generic/pgf/frontendlayer/tikz/librarie
s/tikzlibrarypositioning.code.tex
File: tikzlibrarypositioning.code.tex 2008/10/06 v3.0.0 (rcs-revision 1.7)
)
(/usr/local/texlive/2014/texmf-dist/tex/latex/tools/calc.sty
Package: calc 2007/08/22 v4.3 Infix arithmetic (KKT,FJ)
\calc@Acount=\count131
\calc@Bcount=\count132
\calc@Adimen=\dimen179
\calc@Bdimen=\dimen180
\calc@Askip=\skip53
\calc@Bskip=\skip54
LaTeX Info: Redefining \setlength on input line 75.
LaTeX Info: Redefining \addtolength on input line 76.
\calc@Ccount=\count133
\calc@Cskip=\skip55
)
\c@@todonotes@numberoftodonotes=\count134
)
(/usr/local/texlive/2014/texmf-dist/tex/latex/tools/array.sty
Package: array 2008/09/09 v2.4c Tabular extension package (FMi)
\col@sep=\dimen181
\extrarowheight=\dimen182
\NC@list=\toks38
\extratabsurround=\skip56
\backup@length=\skip57
)
(/usr/local/texlive/2014/texmf-dist/tex/latex/caption/caption.sty
Package: caption 2013/05/02 v3.3-89 Customizing captions (AR)

(/usr/local/texlive/2014/texmf-dist/tex/latex/caption/caption3.sty
Package: caption3 2013/05/02 v1.6-88 caption3 kernel (AR)
Package caption3 Info: TeX engine: e-TeX on input line 57.
\captionmargin=\dimen183
\captionmargin@=\dimen184
\captionwidth=\dimen185
\caption@tempdima=\dimen186
\caption@indent=\dimen187
\caption@parindent=\dimen188
\caption@hangindent=\dimen189
Package caption Info: Unknown document class (or package),
(caption)             standard defaults will be used.
)

Package caption Warning: Unsupported document class (or package) detected,
(caption)                usage of the caption package is not recommended.
See the caption package documentation for explanation.

Package caption Info: \@makecaption = \long macro:#1#2->\ifx \@captype \@IEEEta
blestring \footnotesize \bgroup \par \centering \@IEEEtabletopskipstrut {\norma
lfont \footnotesize #1}\\{\normalfont \footnotesize \scshape #2}\par \addvspace
 {0.5\baselineskip }\egroup \@IEEEtablecaptionsepspace \else \@IEEEfigurecaptio
nsepspace \setbox \@tempboxa \hbox {\normalfont \footnotesize {#1.}\nobreakspac
e \nobreakspace #2}\ifdim \wd \@tempboxa >\hsize \setbox \@tempboxa \hbox {\nor
malfont \footnotesize {#1.}\nobreakspace \nobreakspace }\parbox [t]{\hsize }{\n
ormalfont \footnotesize \noindent \unhbox \@tempboxa #2}\else \ifCLASSOPTIONcon
ference \hbox to\hsize {\normalfont \footnotesize \hfil \box \@tempboxa \hfil }
\else \hbox to\hsize {\normalfont \footnotesize \box \@tempboxa \hfil }\fi \fi 
\fi .
\c@ContinuedFloat=\count135
Package caption Info: float package is loaded.
Package caption Info: subfigure package is loaded.
) (/usr/local/texlive/2014/texmf-dist/tex/latex/mh/mathtools.sty
Package: mathtools 2014/05/21 v1.14 mathematical typesetting tools

(/usr/local/texlive/2014/texmf-dist/tex/latex/mh/mhsetup.sty
Package: mhsetup 2010/01/21 v1.2a programming setup (MH)
)
LaTeX Info: Thecontrolsequence`\['isalreadyrobust on input line 129.
LaTeX Info: Thecontrolsequence`\]'isalreadyrobust on input line 129.
\g_MT_multlinerow_int=\count136
\l_MT_multwidth_dim=\dimen190
\origjot=\skip58
\l_MT_shortvdotswithinadjustabove_dim=\dimen191
\l_MT_shortvdotswithinadjustbelow_dim=\dimen192
\l_MT_above_intertext_sep=\dimen193
\l_MT_below_intertext_sep=\dimen194
\l_MT_above_shortintertext_sep=\dimen195
\l_MT_below_shortintertext_sep=\dimen196
)
(/usr/local/texlive/2014/texmf-dist/tex/latex/algorithmicx/algpseudocode.sty
Package: algpseudocode 

(/usr/local/texlive/2014/texmf-dist/tex/latex/algorithmicx/algorithmicx.sty
Package: algorithmicx 2005/04/27 v1.2 Algorithmicx

Document Style algorithmicx 1.2 - a greatly improved `algorithmic' style
\c@ALG@line=\count137
\c@ALG@rem=\count138
\c@ALG@nested=\count139
\ALG@tlm=\skip59
\ALG@thistlm=\skip60
\c@ALG@Lnr=\count140
\c@ALG@blocknr=\count141
\c@ALG@storecount=\count142
\c@ALG@tmpcounter=\count143
\ALG@tmplength=\skip61
)
Document Style - pseudocode environments for use with the `algorithmicx' style
) (/usr/local/texlive/2014/texmf-dist/tex/latex/hyperref/hyperref.sty
Package: hyperref 2012/11/06 v6.83m Hypertext links for LaTeX

(/usr/local/texlive/2014/texmf-dist/tex/generic/oberdiek/hobsub-hyperref.sty
Package: hobsub-hyperref 2012/05/28 v1.13 Bundle oberdiek, subset hyperref (HO)


(/usr/local/texlive/2014/texmf-dist/tex/generic/oberdiek/hobsub-generic.sty
Package: hobsub-generic 2012/05/28 v1.13 Bundle oberdiek, subset generic (HO)
Package: hobsub 2012/05/28 v1.13 Construct package bundles (HO)
Package hobsub Info: Skipping package `infwarerr' (already loaded).
Package hobsub Info: Skipping package `ltxcmds' (already loaded).
Package: ifluatex 2010/03/01 v1.3 Provides the ifluatex switch (HO)
Package ifluatex Info: LuaTeX not detected.
Package: ifvtex 2010/03/01 v1.5 Detect VTeX and its facilities (HO)
Package ifvtex Info: VTeX not detected.
Package: intcalc 2007/09/27 v1.1 Expandable calculations with integers (HO)
Package: ifpdf 2011/01/30 v2.3 Provides the ifpdf switch (HO)
Package ifpdf Info: pdfTeX in PDF mode is detected.
Package: etexcmds 2011/02/16 v1.5 Avoid name clashes with e-TeX commands (HO)
Package etexcmds Info: Could not find \expanded.
(etexcmds)             That can mean that you are not using pdfTeX 1.50 or
(etexcmds)             that some package has redefined \expanded.
(etexcmds)             In the latter case, load this package earlier.
Package: kvsetkeys 2012/04/25 v1.16 Key value parser (HO)
Package: kvdefinekeys 2011/04/07 v1.3 Define keys (HO)
Package: pdftexcmds 2011/11/29 v0.20 Utility functions of pdfTeX for LuaTeX (HO
)
Package pdftexcmds Info: LuaTeX not detected.
Package pdftexcmds Info: \pdf@primitive is available.
Package pdftexcmds Info: \pdf@ifprimitive is available.
Package pdftexcmds Info: \pdfdraftmode found.
Package: pdfescape 2011/11/25 v1.13 Implements pdfTeX's escape features (HO)
Package: bigintcalc 2012/04/08 v1.3 Expandable calculations on big integers (HO
)
Package: bitset 2011/01/30 v1.1 Handle bit-vector datatype (HO)
Package: uniquecounter 2011/01/30 v1.2 Provide unlimited unique counter (HO)
)
Package hobsub Info: Skipping package `hobsub' (already loaded).
Package: letltxmacro 2010/09/02 v1.4 Let assignment for LaTeX macros (HO)
Package: hopatch 2012/05/28 v1.2 Wrapper for package hooks (HO)
Package: xcolor-patch 2011/01/30 xcolor patch
Package: atveryend 2011/06/30 v1.8 Hooks at the very end of document (HO)
Package atveryend Info: \enddocument detected (standard20110627).
Package: atbegshi 2011/10/05 v1.16 At begin shipout hook (HO)
Package: refcount 2011/10/16 v3.4 Data extraction from label references (HO)
Package: hycolor 2011/01/30 v1.7 Color options for hyperref/bookmark (HO)
)
(/usr/local/texlive/2014/texmf-dist/tex/generic/ifxetex/ifxetex.sty
Package: ifxetex 2010/09/12 v0.6 Provides ifxetex conditional
)
(/usr/local/texlive/2014/texmf-dist/tex/latex/oberdiek/auxhook.sty
Package: auxhook 2011/03/04 v1.3 Hooks for auxiliary files (HO)
)
(/usr/local/texlive/2014/texmf-dist/tex/latex/oberdiek/kvoptions.sty
Package: kvoptions 2011/06/30 v3.11 Key value format for package options (HO)
)
\@linkdim=\dimen197
\Hy@linkcounter=\count144
\Hy@pagecounter=\count145

(/usr/local/texlive/2014/texmf-dist/tex/latex/hyperref/pd1enc.def
File: pd1enc.def 2012/11/06 v6.83m Hyperref: PDFDocEncoding definition (HO)
)
\Hy@SavedSpaceFactor=\count146

(/usr/local/texlive/2014/texmf-dist/tex/latex/latexconfig/hyperref.cfg
File: hyperref.cfg 2002/06/06 v1.2 hyperref configuration of TeXLive
)
Package hyperref Info: Option `bookmarks' set `false' on input line 4319.
Package hyperref Info: Hyper figures OFF on input line 4443.
Package hyperref Info: Link nesting OFF on input line 4448.
Package hyperref Info: Hyper index ON on input line 4451.
Package hyperref Info: Plain pages OFF on input line 4458.
Package hyperref Info: Backreferencing OFF on input line 4463.
Package hyperref Info: Implicit mode ON; LaTeX internals redefined.
Package hyperref Info: Bookmarks OFF on input line 4694.
\c@Hy@tempcnt=\count147
LaTeX Info: Redefining \url on input line 5041.
\XeTeXLinkMargin=\dimen198
\Fld@menulength=\count148
\Field@Width=\dimen199
\Fld@charsize=\dimen200
Package hyperref Info: Hyper figures OFF on input line 6295.
Package hyperref Info: Link nesting OFF on input line 6300.
Package hyperref Info: Hyper index ON on input line 6303.
Package hyperref Info: backreferencing OFF on input line 6310.
Package hyperref Info: Link coloring OFF on input line 6315.
Package hyperref Info: Link coloring with OCG OFF on input line 6320.
Package hyperref Info: PDF/A mode OFF on input line 6325.
LaTeX Info: Redefining \ref on input line 6365.
LaTeX Info: Redefining \pageref on input line 6369.
\Hy@abspage=\count149
\c@Item=\count150
\c@Hfootnote=\count151
)

Package hyperref Message: Driver (autodetected): hpdftex.

(/usr/local/texlive/2014/texmf-dist/tex/latex/hyperref/hpdftex.def
File: hpdftex.def 2012/11/06 v6.83m Hyperref driver for pdfTeX
\Fld@listcount=\count152
\c@bookmark@seq@number=\count153

(/usr/local/texlive/2014/texmf-dist/tex/latex/oberdiek/rerunfilecheck.sty
Package: rerunfilecheck 2011/04/15 v1.7 Rerun checks for auxiliary files (HO)
Package uniquecounter Info: New unique counter `rerunfilecheck' on input line 2
82.
)
\Hy@SectionHShift=\skip62
)
(./paper.aux)
\openout1 = `paper.aux'.

LaTeX Font Info:    Checking defaults for OML/cmm/m/it on input line 405.
LaTeX Font Info:    ... okay on input line 405.
LaTeX Font Info:    Checking defaults for T1/cmr/m/n on input line 405.
LaTeX Font Info:    ... okay on input line 405.
LaTeX Font Info:    Checking defaults for OT1/cmr/m/n on input line 405.
LaTeX Font Info:    ... okay on input line 405.
LaTeX Font Info:    Checking defaults for OMS/cmsy/m/n on input line 405.
LaTeX Font Info:    ... okay on input line 405.
LaTeX Font Info:    Checking defaults for OMX/cmex/m/n on input line 405.
LaTeX Font Info:    ... okay on input line 405.
LaTeX Font Info:    Checking defaults for U/cmr/m/n on input line 405.
LaTeX Font Info:    ... okay on input line 405.
LaTeX Font Info:    Checking defaults for PD1/pdf/m/n on input line 405.
LaTeX Font Info:    ... okay on input line 405.

(/usr/local/texlive/2014/texmf-dist/tex/context/base/supp-pdf.mkii
[Loading MPS to PDF converter (version 2006.09.02).]
\scratchcounter=\count154
\scratchdimen=\dimen201
\scratchbox=\box42
\nofMPsegments=\count155
\nofMParguments=\count156
\everyMPshowfont=\toks39
\MPscratchCnt=\count157
\MPscratchDim=\dimen202
\MPnumerator=\count158
\makeMPintoPDFobject=\count159
\everyMPtoPDFconversion=\toks40
) (/usr/local/texlive/2014/texmf-dist/tex/latex/oberdiek/epstopdf-base.sty
Package: epstopdf-base 2010/02/09 v2.5 Base part for package epstopdf

(/usr/local/texlive/2014/texmf-dist/tex/latex/oberdiek/grfext.sty
Package: grfext 2010/08/19 v1.1 Manage graphics extensions (HO)
)
Package grfext Info: Graphics extension search list:
(grfext)             [.png,.pdf,.jpg,.mps,.jpeg,.jbig2,.jb2,.PNG,.PDF,.JPG,.JPE
G,.JBIG2,.JB2,.eps]
(grfext)             \AppendGraphicsExtensions on input line 452.

(/usr/local/texlive/2014/texmf-dist/tex/latex/latexconfig/epstopdf-sys.cfg
File: epstopdf-sys.cfg 2010/07/13 v1.3 Configuration of (r)epstopdf for TeX Liv
e
))
ABD: EveryShipout initializing macros
Package caption Info: Begin \AtBeginDocument code.
Package caption Info: hyperref package is loaded.
Package caption Info: End \AtBeginDocument code.
\AtBeginShipoutBox=\box43
Package hyperref Info: Link coloring OFF on input line 405.

(/usr/local/texlive/2014/texmf-dist/tex/latex/hyperref/nameref.sty
Package: nameref 2012/10/27 v2.43 Cross-referencing by name of section

(/usr/local/texlive/2014/texmf-dist/tex/generic/oberdiek/gettitlestring.sty
Package: gettitlestring 2010/12/03 v1.4 Cleanup title references (HO)
)
\c@section@level=\count160
)
LaTeX Info: Redefining \ref on input line 405.
LaTeX Info: Redefining \pageref on input line 405.
LaTeX Info: Redefining \nameref on input line 405.
LaTeX Font Info:    Try loading font information for OT1+pcr on input line 476.


(/usr/local/texlive/2014/texmf-dist/tex/latex/psnfss/ot1pcr.fd
File: ot1pcr.fd 2001/06/04 font definitions for OT1/pcr.
)
LaTeX Font Info:    Try loading font information for OMS+pcr on input line 476.


(/usr/local/texlive/2014/texmf-dist/tex/latex/psnfss/omspcr.fd
File: omspcr.fd 
)
LaTeX Font Info:    Font shape `OMS/pcr/m/n' in size <8> not available
(Font)              Font shape `OMS/cmsy/m/n' tried instead on input line 476.
Missing character: There is no Ã in font ptmr7t!
Missing character: There is no ¤ in font ptmr7t!
LaTeX Font Info:    Try loading font information for U+msa on input line 534.

(/usr/local/texlive/2014/texmf-dist/tex/latex/amsfonts/umsa.fd
File: umsa.fd 2013/01/14 v3.01 AMS symbols A
)
LaTeX Font Info:    Try loading font information for U+msb on input line 534.

(/usr/local/texlive/2014/texmf-dist/tex/latex/amsfonts/umsb.fd
File: umsb.fd 2013/01/14 v3.01 AMS symbols B
) [1{/usr/local/texlive/2014/texmf-var/fonts/map/pdftex/updmap/pdftex.map}


]
<figures/perez1.png, id=43, 517.935pt x 364.36125pt>
File: figures/perez1.png Graphic file (type png)
 <use figures/perez1.png>
Package pdftex.def Info: figures/perez1.png used on input line 544.
(pdftex.def)             Requested size: 207.17032pt x 145.74191pt.

[2 <./figures/perez1.png>]
<figures/perez2.png, id=83, 1021.56656pt x 417.05812pt>
File: figures/perez2.png Graphic file (type png)

<use figures/perez2.png>
Package pdftex.def Info: figures/perez2.png used on input line 594.
(pdftex.def)             Requested size: 240.06818pt x 98.00867pt.
Package hyperref Info: bookmark level for unknown algorithm defaults to 0 on in
put line 632.

Underfull \hbox (badness 5681) in paragraph at lines 638--639
[]\OT1/ptm/m/n/10 Fast non-dominated sort-ing: The func-tion $\OML/cmm/m/it/10 
F \OT1/cmr/m/n/10 =
 []


Underfull \hbox (badness 6412) in paragraph at lines 638--639
[]\OT1/cmr/m/n/10 (\OML/cmm/m/it/10 U\OT1/cmr/m/n/10 (\OML/cmm/m/it/10 t\OT1/cm
r/m/n/10 ))$ \OT1/ptm/m/n/10 per-forms a non-
 []

[3 <./figures/perez2.png>]
Underfull \hbox (badness 10000) in paragraph at lines 639--640
[]\OT1/ptm/m/n/10 Crowding dis-tance: The func-tion
 []


Underfull \hbox (badness 10000) in paragraph at lines 639--640
[]\OT1/cmr/m/n/10 (\OML/cmm/m/it/10 F[]\OT1/cmr/m/n/10 )$ \OT1/ptm/m/n/10 as-si
gns to
 []


Underfull \hbox (badness 2894) in paragraph at lines 657--658
[]\OT1/ptm/m/n/10 Multi-objective Re-in-force-ment Learn-ing (MORL) [[]]
 []

<figures/perez3b.png, id=127, 554.82281pt x 431.36156pt>
File: figures/perez3b.png Graphic file (type png)

<use figures/perez3b.png>
Package pdftex.def Info: figures/perez3b.png used on input line 677.
(pdftex.def)             Requested size: 189.0pt x 146.94402pt.
 [4 <./figures/perez3b.png>]
<figures/perez4.png, id=149, 453.19313pt x 447.17062pt>
File: figures/perez4.png Graphic file (type png)

<use figures/perez4.png>
Package pdftex.def Info: figures/perez4.png used on input line 704.
(pdftex.def)             Requested size: 163.79846pt x 161.62268pt.

Underfull \vbox (badness 1377) has occurred while \output is active []

 [5 <./figures/perez4.png>] <figures/perez5.png, id=168, 354.57469pt x 257.4618
7pt>
File: figures/perez5.png Graphic file (type png)

<use figures/perez5.png>
Package pdftex.def Info: figures/perez5.png used on input line 777.
(pdftex.def)             Requested size: 189.0pt x 137.23984pt.
 <figures/perez6b.png, id=173, 578.16pt x 433.62pt>
File: figures/perez6b.png Graphic file (type png)

<use figures/perez6b.png>
Package pdftex.def Info: figures/perez6b.png used on input line 792.
(pdftex.def)             Requested size: 252.0pt x 189.00032pt.
 [6 <./figures/perez5.png> <./figures/perez6b.png>]
<figures/perez7.png, id=186, 536.0025pt x 263.48438pt>
File: figures/perez7.png Graphic file (type png)

<use figures/perez7.png>
Package pdftex.def Info: figures/perez7.png used on input line 806.
(pdftex.def)             Requested size: 226.79846pt x 111.48686pt.
 [7 <./figures/perez7.png>]
<figures/perez8.png, id=205, 386.94562pt x 352.31625pt>
File: figures/perez8.png Graphic file (type png)

<use figures/perez8.png>
Package pdftex.def Info: figures/perez8.png used on input line 842.
(pdftex.def)             Requested size: 201.60077pt x 183.5603pt.
 [8 <./figures/perez8.png>]
<figures/perez9.png, id=230, 2168.1pt x 722.7pt>
File: figures/perez9.png Graphic file (type png)
 <use figures/perez9.png>
Package pdftex.def Info: figures/perez9.png used on input line 913.
(pdftex.def)             Requested size: 529.20154pt x 176.39587pt.

Overfull \hbox (13.20154pt too wide) in paragraph at lines 913--914
 [][] 
 []


Overfull \hbox (4.23763pt too wide) in paragraph at lines 985--985
[]|[]| 
 []

[9]

LaTeX Warning: Text page 10 contains only floats.


LaTeX Warning: Command \O invalid in math mode on input line 1136.


LaTeX Warning: Command \O invalid in math mode on input line 1136.


LaTeX Warning: Command \O invalid in math mode on input line 1136.


LaTeX Warning: Command \O invalid in math mode on input line 1142.


LaTeX Warning: Command \O invalid in math mode on input line 1142.


LaTeX Warning: Command \O invalid in math mode on input line 1142.


LaTeX Warning: Command \O invalid in math mode on input line 1142.


LaTeX Warning: Command \O invalid in math mode on input line 1165.


LaTeX Warning: Command \O invalid in math mode on input line 1165.


LaTeX Warning: Command \O invalid in math mode on input line 1165.


LaTeX Warning: Command \O invalid in math mode on input line 1165.


Underfull \hbox (badness 10000) in paragraph at lines 1174--1175
[]\OT1/ptm/m/n/10 Additionally, Ta-ble []II[] con-tains a fourth en-try,
 []

[10 <./figures/perez9.png>]
Underfull \hbox (badness 10000) in paragraph at lines 1176--1177
[]\OT1/ptm/m/n/10 However, it is very im-por-tant to high-light that
 []


Underfull \hbox (badness 1762) in paragraph at lines 1176--1177
\OT1/pcr/m/n/10 PurofMovio \OT1/ptm/m/n/10 is not us-ing the same heuris-tics a
s the
 []


Underfull \hbox (badness 1546) in paragraph at lines 1176--1177
\OT1/ptm/m/n/10 the win-ning en-try of the com-pe-ti-tion. It is likely that
 []

[11]

LaTeX Warning: Command \O invalid in math mode on input line 1200.


Overfull \hbox (2.93053pt too wide) in paragraph at lines 1206--1207
[]|\OT1/ptm/b/n/8 D| 
 []


Overfull \hbox (4.01808pt too wide) in paragraph at lines 1208--1208
[]|$\OT1/cmr/m/n/8 11111111111111$| 
 []


Overfull \hbox (3.76576pt too wide) in paragraph at lines 1208--1209
[]|$\OMS/cmsy/m/n/8 ^^V$| 
 []


Overfull \hbox (4.01808pt too wide) in paragraph at lines 1209--1209
[]|$\OT1/cmr/m/n/8 22222222222222$| 
 []


Overfull \hbox (3.76576pt too wide) in paragraph at lines 1209--1210
[]|$\OMS/cmsy/m/n/8 ^^V$| 
 []


Overfull \hbox (4.01808pt too wide) in paragraph at lines 1210--1210
[]|$\OT1/cmr/m/n/8 33333333333333$| 
 []


Overfull \hbox (3.76576pt too wide) in paragraph at lines 1210--1211
[]|$\OMS/cmsy/m/n/8 ^^V$| 
 []


Overfull \hbox (4.01808pt too wide) in paragraph at lines 1211--1211
[]|$\OT1/cmr/m/n/8 32312212331112$| 
 []


Overfull \hbox (4.01808pt too wide) in paragraph at lines 1213--1213
[]|$\OT1/cmr/m/n/8 11111111111111$| 
 []


Overfull \hbox (3.76576pt too wide) in paragraph at lines 1213--1214
[]|$\OMS/cmsy/m/n/8 ^^V$| 
 []


Overfull \hbox (4.01808pt too wide) in paragraph at lines 1214--1214
[]|$\OT1/cmr/m/n/8 22222222222222$| 
 []


Overfull \hbox (3.76576pt too wide) in paragraph at lines 1214--1215
[]|$\OMS/cmsy/m/n/8 ^^V$| 
 []


Overfull \hbox (4.01808pt too wide) in paragraph at lines 1215--1215
[]|$\OT1/cmr/m/n/8 33333333333333$| 
 []


Overfull \hbox (3.76576pt too wide) in paragraph at lines 1215--1216
[]|$\OMS/cmsy/m/n/8 ^^V$| 
 []


Overfull \hbox (4.01808pt too wide) in paragraph at lines 1216--1216
[]|$\OT1/cmr/m/n/8 23131312323213$| 
 []


Overfull \hbox (4.01808pt too wide) in paragraph at lines 1218--1218
[]|$\OT1/cmr/m/n/8 11111111111111$| 
 []


Overfull \hbox (3.76576pt too wide) in paragraph at lines 1218--1219
[]|$\OMS/cmsy/m/n/8 ^^V$| 
 []


Overfull \hbox (4.01808pt too wide) in paragraph at lines 1219--1219
[]|$\OT1/cmr/m/n/8 22222222222222$| 
 []


Overfull \hbox (3.76576pt too wide) in paragraph at lines 1219--1220
[]|$\OMS/cmsy/m/n/8 ^^V$| 
 []


Overfull \hbox (4.01808pt too wide) in paragraph at lines 1220--1220
[]|$\OT1/cmr/m/n/8 33333333333333$| 
 []


LaTeX Warning: Command \O invalid in math mode on input line 1220.


Overfull \hbox (3.76576pt too wide) in paragraph at lines 1220--1221
[]|$\OT1/cmr/m/n/8 ^^_$| 
 []


Overfull \hbox (4.01808pt too wide) in paragraph at lines 1221--1221
[]|$\OT1/cmr/m/n/8 11122222112231$| 
 []


Overfull \hbox (4.01808pt too wide) in paragraph at lines 1223--1223
[]|$\OT1/cmr/m/n/8 11111111111111$| 
 []


Overfull \hbox (3.76576pt too wide) in paragraph at lines 1223--1224
[]|$\OMS/cmsy/m/n/8 ^^V$| 
 []


Overfull \hbox (4.01808pt too wide) in paragraph at lines 1224--1224
[]|$\OT1/cmr/m/n/8 22222222222222$| 
 []


Overfull \hbox (3.76576pt too wide) in paragraph at lines 1224--1225
[]|$\OMS/cmsy/m/n/8 ^^V$| 
 []


Overfull \hbox (4.01808pt too wide) in paragraph at lines 1225--1225
[]|$\OT1/cmr/m/n/8 33333333333333$| 
 []


LaTeX Warning: Command \O invalid in math mode on input line 1225.


Overfull \hbox (3.76576pt too wide) in paragraph at lines 1225--1226
[]|$\OT1/cmr/m/n/8 ^^_$| 
 []


Overfull \hbox (4.01808pt too wide) in paragraph at lines 1226--1226
[]|$\OT1/cmr/m/n/8 11121131212112$| 
 []


Overfull \hbox (4.01808pt too wide) in paragraph at lines 1228--1228
[]|$\OT1/cmr/m/n/8 11111111111111$| 
 []


Overfull \hbox (3.76576pt too wide) in paragraph at lines 1228--1229
[]|$\OMS/cmsy/m/n/8 ^^V$| 
 []


Overfull \hbox (4.01808pt too wide) in paragraph at lines 1229--1229
[]|$\OT1/cmr/m/n/8 22222222222222$| 
 []


Overfull \hbox (3.76576pt too wide) in paragraph at lines 1229--1230
[]|$\OMS/cmsy/m/n/8 ^^V$| 
 []


Overfull \hbox (4.01808pt too wide) in paragraph at lines 1230--1230
[]|$\OT1/cmr/m/n/8 33333333333333$| 
 []


LaTeX Warning: Command \O invalid in math mode on input line 1230.


Overfull \hbox (3.76576pt too wide) in paragraph at lines 1230--1231
[]|$\OT1/cmr/m/n/8 ^^_$| 
 []


Overfull \hbox (4.01808pt too wide) in paragraph at lines 1231--1231
[]|$\OT1/cmr/m/n/8 21311213111211$| 
 []


Overfull \hbox (4.01808pt too wide) in paragraph at lines 1233--1233
[]|$\OT1/cmr/m/n/8 11111111111111$| 
 []


Overfull \hbox (3.76576pt too wide) in paragraph at lines 1233--1234
[]|$\OMS/cmsy/m/n/8 ^^V$| 
 []


Overfull \hbox (4.01808pt too wide) in paragraph at lines 1234--1234
[]|$\OT1/cmr/m/n/8 22222222222222$| 
 []


Overfull \hbox (3.76576pt too wide) in paragraph at lines 1234--1235
[]|$\OMS/cmsy/m/n/8 ^^V$| 
 []


Overfull \hbox (4.01808pt too wide) in paragraph at lines 1235--1235
[]|$\OT1/cmr/m/n/8 33333333333333$| 
 []


LaTeX Warning: Command \O invalid in math mode on input line 1235.


Overfull \hbox (3.76576pt too wide) in paragraph at lines 1235--1236
[]|$\OT1/cmr/m/n/8 ^^_$| 
 []


Overfull \hbox (4.01808pt too wide) in paragraph at lines 1236--1236
[]|$\OT1/cmr/m/n/8 31121312111111$| 
 []


Overfull \hbox (4.01808pt too wide) in paragraph at lines 1238--1238
[]|$\OT1/cmr/m/n/8 11111111111111$| 
 []


Overfull \hbox (3.76576pt too wide) in paragraph at lines 1238--1239
[]|$\OMS/cmsy/m/n/8 ^^V$| 
 []


Overfull \hbox (4.01808pt too wide) in paragraph at lines 1239--1239
[]|$\OT1/cmr/m/n/8 22222222222222$| 
 []


Overfull \hbox (3.76576pt too wide) in paragraph at lines 1239--1240
[]|$\OMS/cmsy/m/n/8 ^^V$| 
 []


Overfull \hbox (4.01808pt too wide) in paragraph at lines 1240--1240
[]|$\OT1/cmr/m/n/8 33333333333333$| 
 []


LaTeX Warning: Command \O invalid in math mode on input line 1240.


Overfull \hbox (3.76576pt too wide) in paragraph at lines 1240--1241
[]|$\OT1/cmr/m/n/8 ^^_$| 
 []


Overfull \hbox (4.01808pt too wide) in paragraph at lines 1241--1241
[]|$\OT1/cmr/m/n/8 11332211321332$| 
 []


Overfull \hbox (4.01808pt too wide) in paragraph at lines 1243--1243
[]|$\OT1/cmr/m/n/8 11111111111111$| 
 []


Overfull \hbox (3.76576pt too wide) in paragraph at lines 1243--1244
[]|$\OMS/cmsy/m/n/8 ^^V$| 
 []


Overfull \hbox (4.01808pt too wide) in paragraph at lines 1244--1244
[]|$\OT1/cmr/m/n/8 22222222222222$| 
 []


Overfull \hbox (3.76576pt too wide) in paragraph at lines 1244--1245
[]|$\OMS/cmsy/m/n/8 ^^V$| 
 []


Overfull \hbox (4.01808pt too wide) in paragraph at lines 1245--1245
[]|$\OT1/cmr/m/n/8 33333333333333$| 
 []


LaTeX Warning: Command \O invalid in math mode on input line 1245.


Overfull \hbox (3.76576pt too wide) in paragraph at lines 1245--1246
[]|$\OT1/cmr/m/n/8 ^^_$| 
 []


Overfull \hbox (4.01808pt too wide) in paragraph at lines 1246--1246
[]|$\OT1/cmr/m/n/8 23221131313323$| 
 []


Overfull \hbox (4.01808pt too wide) in paragraph at lines 1248--1248
[]|$\OT1/cmr/m/n/8 11111111111111$| 
 []


Overfull \hbox (3.76576pt too wide) in paragraph at lines 1248--1249
[]|$\OMS/cmsy/m/n/8 ^^V$| 
 []


Overfull \hbox (4.01808pt too wide) in paragraph at lines 1249--1249
[]|$\OT1/cmr/m/n/8 22222222222222$| 
 []


Overfull \hbox (3.76576pt too wide) in paragraph at lines 1249--1250
[]|$\OMS/cmsy/m/n/8 ^^V$| 
 []


Overfull \hbox (4.01808pt too wide) in paragraph at lines 1250--1250
[]|$\OT1/cmr/m/n/8 33333333333333$| 
 []


LaTeX Warning: Command \O invalid in math mode on input line 1250.


Overfull \hbox (3.76576pt too wide) in paragraph at lines 1250--1251
[]|$\OT1/cmr/m/n/8 ^^_$| 
 []


Overfull \hbox (4.01808pt too wide) in paragraph at lines 1251--1251
[]|$\OT1/cmr/m/n/8 21132331333223$| 
 []


Overfull \hbox (4.23763pt too wide) in paragraph at lines 1253--1253
[]|[]| 
 []


Overfull \hbox (4.01808pt too wide) in paragraph at lines 1253--1253
[]|$\OT1/cmr/m/n/8 11111111111111$| 
 []


Overfull \hbox (3.76576pt too wide) in paragraph at lines 1253--1254
[]|$\OMS/cmsy/m/n/8 ^^V$| 
 []


Overfull \hbox (4.01808pt too wide) in paragraph at lines 1254--1254
[]|$\OT1/cmr/m/n/8 22222222222222$| 
 []


Overfull \hbox (3.76576pt too wide) in paragraph at lines 1254--1255
[]|$\OMS/cmsy/m/n/8 ^^V$| 
 []


Overfull \hbox (4.01808pt too wide) in paragraph at lines 1255--1255
[]|$\OT1/cmr/m/n/8 33333333333333$| 
 []


LaTeX Warning: Command \O invalid in math mode on input line 1255.


Overfull \hbox (3.76576pt too wide) in paragraph at lines 1255--1256
[]|$\OT1/cmr/m/n/8 ^^_$| 
 []


Overfull \hbox (4.01808pt too wide) in paragraph at lines 1256--1256
[]|$\OT1/cmr/m/n/8 11311111322231$| 
 []


LaTeX Warning: Command \O invalid in math mode on input line 1259.


LaTeX Warning: Command \O invalid in math mode on input line 1259.

[12] (./paper.bbl) <photos/perez.jpg, id=281, 778.91pt x 1019.81pt>
File: photos/perez.jpg Graphic file (type jpg)

<use photos/perez.jpg>
Package pdftex.def Info: photos/perez.jpg used on input line 1321.
(pdftex.def)             Requested size: 68.99355pt x 90.33176pt.
File: photos/perez.jpg Graphic file (type jpg)
 <use photos/perez.jpg>
Package pdftex.def Info: photos/perez.jpg used on input line 1321.
(pdftex.def)             Requested size: 68.99355pt x 90.33176pt.
 [13 <./photos/perez.jpg>]
<photos/sanaz.jpg, id=296, 142.5325pt x 213.79875pt>
File: photos/sanaz.jpg Graphic file (type jpg)
 <use photos/sanaz.jpg>
Package pdftex.def Info: photos/sanaz.jpg used on input line 1326.
(pdftex.def)             Requested size: 60.22426pt x 90.3364pt.
File: photos/sanaz.jpg Graphic file (type jpg)

<use photos/sanaz.jpg>
Package pdftex.def Info: photos/sanaz.jpg used on input line 1326.
(pdftex.def)             Requested size: 60.22426pt x 90.3364pt.
 <./photos/spyro.jpg, id=299, 116.68594pt x 135.50626pt>
File: ./photos/spyro.jpg Graphic file (type jpg)

<use ./photos/spyro.jpg>
Package pdftex.def Info: ./photos/spyro.jpg used on input line 1329.
(pdftex.def)             Requested size: 72.2733pt x 83.93028pt.
File: ./photos/spyro.jpg Graphic file (type jpg)
 <use ./photos/spyro.jpg>
Package pdftex.def Info: ./photos/spyro.jpg used on input line 1329.
(pdftex.def)             Requested size: 72.2733pt x 83.93028pt.

<photos/lucas.png, id=302, 206.7725pt x 240.9pt>
File: photos/lucas.png Graphic file (type png)
 <use photos/lucas.png>
Package pdftex.def Info: photos/lucas.png used on input line 1333.
(pdftex.def)             Requested size: 72.2705pt x 84.19862pt.
File: photos/lucas.png Graphic file (type png)

<use photos/lucas.png>
Package pdftex.def Info: photos/lucas.png used on input line 1333.
(pdftex.def)             Requested size: 72.2705pt x 84.19862pt.
Package atveryend Info: Empty hook `BeforeClearDocument' on input line 1352.
 [14

 <./photos/sanaz.jpg> <./photos/spyro.jpg> <./photos/lucas.png>]
Package atveryend Info: Empty hook `AfterLastShipout' on input line 1352.
 (./paper.aux)
Package atveryend Info: Executing hook `AtVeryEndDocument' on input line 1352.
Package atveryend Info: Empty hook `AtEndAfterFileList' on input line 1352.
Package atveryend Info: Empty hook `AtVeryVeryEnd' on input line 1352.
 ) 
Here is how much of TeX's memory you used:
 19628 strings out of 493117
 363057 string characters out of 6135434
 463685 words of memory out of 5000000
 22598 multiletter control sequences out of 15000+600000
 51912 words of font info for 110 fonts, out of 8000000 for 9000
 1148 hyphenation exceptions out of 8191
 62i,14n,92p,1160b,442s stack positions out of 5000i,500n,10000p,200000b,80000s
{/usr/local/texlive/2014/texmf-dist/fonts/enc/dvips/base/8r.enc}</usr/local/t
exlive/2014/texmf-dist/fonts/type1/public/amsfonts/cm/cmbx8.pfb></usr/local/tex
live/2014/texmf-dist/fonts/type1/public/amsfonts/cm/cmex10.pfb></usr/local/texl
ive/2014/texmf-dist/fonts/type1/public/amsfonts/cm/cmmi10.pfb></usr/local/texli
ve/2014/texmf-dist/fonts/type1/public/amsfonts/cm/cmmi6.pfb></usr/local/texlive
/2014/texmf-dist/fonts/type1/public/amsfonts/cm/cmmi7.pfb></usr/local/texlive/2
014/texmf-dist/fonts/type1/public/amsfonts/cm/cmmi8.pfb></usr/local/texlive/201
4/texmf-dist/fonts/type1/public/amsfonts/cmextra/cmmib8.pfb></usr/local/texlive
/2014/texmf-dist/fonts/type1/public/amsfonts/cm/cmr10.pfb></usr/local/texlive/2
014/texmf-dist/fonts/type1/public/amsfonts/cm/cmr6.pfb></usr/local/texlive/2014
/texmf-dist/fonts/type1/public/amsfonts/cm/cmr7.pfb></usr/local/texlive/2014/te
xmf-dist/fonts/type1/public/amsfonts/cm/cmr8.pfb></usr/local/texlive/2014/texmf
-dist/fonts/type1/public/amsfonts/cm/cmsy10.pfb></usr/local/texlive/2014/texmf-
dist/fonts/type1/public/amsfonts/cm/cmsy7.pfb></usr/local/texlive/2014/texmf-di
st/fonts/type1/public/amsfonts/cm/cmsy8.pfb></usr/local/texlive/2014/texmf-dist
/fonts/type1/public/amsfonts/symbols/msbm10.pfb></usr/local/texlive/2014/texmf-
dist/fonts/type1/urw/courier/ucrr8a.pfb></usr/local/texlive/2014/texmf-dist/fon
ts/type1/urw/times/utmb8a.pfb></usr/local/texlive/2014/texmf-dist/fonts/type1/u
rw/times/utmbi8a.pfb></usr/local/texlive/2014/texmf-dist/fonts/type1/urw/times/
utmr8a.pfb></usr/local/texlive/2014/texmf-dist/fonts/type1/urw/times/utmri8a.pf
b>
Output written on paper.pdf (14 pages, 1449973 bytes).
PDF statistics:
 403 PDF objects out of 1000 (max. 8388607)
 331 compressed objects within 4 object streams
 101 named destinations out of 1000 (max. 500000)
 126 words of extra memory for PDF output out of 10000 (max. 10000000)

